0 info it worked if it ends with ok
1 verbose cli [ 'C:\\Program Files\\nodejs\\node.exe',
1 verbose cli   'C:\\Program Files\\nodejs\\node_modules\\npm\\bin\\npm-cli.js',
1 verbose cli   'start' ]
2 info using npm@3.10.10
3 info using node@v6.10.2
4 verbose run-script [ 'prestart', 'start', 'poststart' ]
5 info lifecycle simplest-redux-example@0.0.0~prestart: simplest-redux-example@0.0.0
6 silly lifecycle simplest-redux-example@0.0.0~prestart: no script for prestart, continuing
7 info lifecycle simplest-redux-example@0.0.0~start: simplest-redux-example@0.0.0
8 verbose lifecycle simplest-redux-example@0.0.0~start: unsafe-perm in lifecycle true
9 verbose lifecycle simplest-redux-example@0.0.0~start: PATH: C:\Program Files\nodejs\node_modules\npm\bin\node-gyp-bin;E:\PracticeMakesPerfect\reduxPractice\node_modules\.bin;C:\Users\LDNS-DT-1793\bin;D:\git\Git\mingw64\bin;D:\git\Git\usr\local\bin;D:\git\Git\usr\bin;D:\git\Git\usr\bin;D:\git\Git\mingw64\bin;D:\git\Git\usr\bin;C:\Users\LDNS-DT-1793\bin;C:\Program Files (x86)\Intel\iCLS Client;C:\Program Files\Intel\iCLS Client;C:\Program Files (x86)\AMD APP\bin\x86_64;C:\Program Files (x86)\AMD APP\bin\x86;C:\Windows\system32;C:\Windows;C:\Windows\System32\Wbem;C:\Windows\System32\WindowsPowerShell\v1.0;C:\Program Files\Intel\Intel(R) Management Engine Components\DAL;C:\Program Files\Intel\Intel(R) Management Engine Components\IPT;C:\Program Files (x86)\Intel\Intel(R) Management Engine Components\DAL;C:\Program Files (x86)\Intel\Intel(R) Management Engine Components\IPT;C:\Program Files (x86)\Intel\OpenCL SDK\2.0\bin\x86;C:\Program Files (x86)\Intel\OpenCL SDK\2.0\bin\x64;D:\svn\bin;C:\Program Files\nodejs;D:\git\Git\cmd;D:\git\Git\mingw64\bin;D:\git\Git\usr\bin;C:\Users\LDNS-DT-1793\AppData\Roaming\npm;D:\git\Git\usr\bin\vendor_perl;D:\git\Git\usr\bin\core_perl
10 verbose lifecycle simplest-redux-example@0.0.0~start: CWD: E:\PracticeMakesPerfect\reduxPractice
11 silly lifecycle simplest-redux-example@0.0.0~start: Args: [ '/d /s /c',
11 silly lifecycle   'browserify --debug --extension=js -o bundle.js index.js && http-server -p 8000' ]
12 silly lifecycle simplest-redux-example@0.0.0~start: Returned: code: 1  signal: null
13 info lifecycle simplest-redux-example@0.0.0~start: Failed to exec start script
14 verbose stack Error: simplest-redux-example@0.0.0 start: `browserify --debug --extension=js -o bundle.js index.js && http-server -p 8000`
14 verbose stack Exit status 1
14 verbose stack     at EventEmitter.<anonymous> (C:\Program Files\nodejs\node_modules\npm\lib\utils\lifecycle.js:255:16)
14 verbose stack     at emitTwo (events.js:106:13)
14 verbose stack     at EventEmitter.emit (events.js:191:7)
14 verbose stack     at ChildProcess.<anonymous> (C:\Program Files\nodejs\node_modules\npm\lib\utils\spawn.js:40:14)
14 verbose stack     at emitTwo (events.js:106:13)
14 verbose stack     at ChildProcess.emit (events.js:191:7)
14 verbose stack     at maybeClose (internal/child_process.js:886:16)
14 verbose stack     at Process.ChildProcess._handle.onexit (internal/child_process.js:226:5)
15 verbose pkgid simplest-redux-example@0.0.0
16 verbose cwd E:\PracticeMakesPerfect\reduxPractice
17 error Windows_NT 6.1.7601
18 error argv "C:\\Program Files\\nodejs\\node.exe" "C:\\Program Files\\nodejs\\node_modules\\npm\\bin\\npm-cli.js" "start"
19 error node v6.10.2
20 error npm  v3.10.10
21 error code ELIFECYCLE
22 error simplest-redux-example@0.0.0 start: `browserify --debug --extension=js -o bundle.js index.js && http-server -p 8000`
22 error Exit status 1
23 error Failed at the simplest-redux-example@0.0.0 start script 'browserify --debug --extension=js -o bundle.js index.js && http-server -p 8000'.
23 error Make sure you have the latest version of node.js and npm installed.
23 error If you do, this is most likely a problem with the simplest-redux-example package,
23 error not with npm itself.
23 error Tell the author that this fails on your system:
23 error     browserify --debug --extension=js -o bundle.js index.js && http-server -p 8000
23 error You can get information on how to open an issue for this project with:
23 error     npm bugs simplest-redux-example
23 error Or if that isn't available, you can get their info via:
23 error     npm owner ls simplest-redux-example
23 error There is likely additional logging output above.
24 verbose exit [ 1, true ]
